{
  "RSpec": {
    "coverage": {
      "/Users/paosch/Documents/reenaday/Airport-challenge2/spec/airport_spec.rb": [
        1,
        null,
        1,
        9,
        8,
        4,
        null,
        1,
        1,
        null,
        1,
        null,
        null,
        1,
        null,
        2,
        null,
        null,
        1,
        1,
        null,
        2,
        null,
        null,
        1,
        null,
        1,
        1,
        2,
        null,
        null,
        null,
        1,
        1,
        1,
        null,
        1,
        null,
        1,
        1,
        null,
        1,
        null,
        1,
        1,
        null,
        2,
        null,
        null,
        1,
        null,
        1,
        2,
        null,
        null
      ],
      "/Users/paosch/Documents/reenaday/Airport-challenge2/lib/airport.rb": [
        1,
        1,
        1,
        null,
        1,
        1,
        1,
        null,
        1,
        8,
        8,
        null,
        null,
        1,
        4,
        3,
        2,
        1,
        null,
        null,
        1,
        4,
        3,
        2,
        2,
        null,
        null,
        1,
        6,
        null,
        null
      ],
      "/Users/paosch/Documents/reenaday/Airport-challenge2/lib/plane.rb": [
        null,
        null,
        null,
        null,
        null
      ],
      "/Users/paosch/Documents/reenaday/Airport-challenge2/lib/weather.rb": [
        1,
        1,
        1,
        1,
        1,
        null,
        0,
        null,
        null,
        null,
        null
      ],
      "/Users/paosch/Documents/reenaday/Airport-challenge2/spec/weather_spec.rb": [
        1,
        null,
        1,
        2,
        1,
        1,
        1,
        1,
        null,
        null,
        null
      ]
    },
    "timestamp": 1524506971
  }
}
