{
  "RSpec": {
    "coverage": {
      "/Users/paosch/Documents/reenaday/Airport-challenge2/spec/airport_spec.rb": [
        1,
        null,
        1,
        7,
        7,
        2,
        null,
        1,
        1,
        1,
        1,
        null,
        null,
        1,
        1,
        2,
        null,
        null,
        1,
        1,
        21,
        2,
        null,
        null,
        null,
        1,
        1,
        1,
        1,
        1,
        null,
        1,
        1,
        1,
        1,
        null,
        1,
        1,
        1,
        2,
        null,
        null,
        null
      ],
      "/Users/paosch/Documents/reenaday/Airport-challenge2/lib/airport.rb": [
        1,
        1,
        1,
        null,
        1,
        1,
        1,
        null,
        1,
        6,
        6,
        6,
        null,
        null,
        1,
        23,
        22,
        21,
        null,
        null,
        1,
        3,
        2,
        2,
        null,
        null
      ],
      "/Users/paosch/Documents/reenaday/Airport-challenge2/lib/plane.rb": [
        1,
        1,
        0,
        null,
        null
      ],
      "/Users/paosch/Documents/reenaday/Airport-challenge2/lib/weather.rb": [
        1,
        1,
        0,
        null,
        null,
        1,
        1,
        null,
        null,
        null,
        null,
        null,
        null,
        null
      ],
      "/Users/paosch/Documents/reenaday/Airport-challenge2/spec/weather_spec.rb": [
        1,
        null,
        1,
        2,
        1,
        1,
        1,
        1,
        null,
        null,
        null
      ]
    },
    "timestamp": 1524423195
  }
}
